<?xml version="1.0" encoding="UTF-8"?>
<testsuite name="agh.ics.oop.AnimalTest" tests="5" skipped="0" failures="0" errors="0" timestamp="2022-11-07T14:34:40" hostname="DESKTOP-9C6IDOG" time="0.024">
  <properties/>
  <testcase name="stayingInRangeTests()" classname="agh.ics.oop.AnimalTest" time="0.015"/>
  <testcase name="isAtTest()" classname="agh.ics.oop.AnimalTest" time="0.001"/>
  <testcase name="orientationAndPositionAdvanceTests()" classname="agh.ics.oop.AnimalTest" time="0.001"/>
  <testcase name="inputTests()" classname="agh.ics.oop.AnimalTest" time="0.002"/>
  <testcase name="orientationCheck()" classname="agh.ics.oop.AnimalTest" time="0.001"/>
  <system-out><![CDATA[All tests in MapDirectionTest are ended
]]></system-out>
  <system-err><![CDATA[]]></system-err>
</testsuite>
