<?xml version="1.0" encoding="UTF-8"?>
<testsuite name="agh.ics.oop.IWorldMapTests" tests="3" skipped="0" failures="0" errors="0" timestamp="2022-11-21T17:05:09" hostname="DESKTOP-9C6IDOG" time="0.119">
  <properties/>
  <testcase name="rectangularMapTest()" classname="agh.ics.oop.IWorldMapTests" time="0.112"/>
  <testcase name="grassFieldTest2()" classname="agh.ics.oop.IWorldMapTests" time="0.003"/>
  <testcase name="grassFieldTest()" classname="agh.ics.oop.IWorldMapTests" time="0.002"/>
  <system-out><![CDATA[]]></system-out>
  <system-err><![CDATA[]]></system-err>
</testsuite>
