<?xml version="1.0" encoding="UTF-8"?>
<testsuite name="agh.ics.oop.IWorldMapTests" tests="1" skipped="0" failures="0" errors="0" timestamp="2022-11-25T22:33:42" hostname="DESKTOP-9C6IDOG" time="0.147">
  <properties/>
  <testcase name="rectangularMapTest()" classname="agh.ics.oop.IWorldMapTests" time="0.147"/>
  <system-out><![CDATA[ y\x  0 1 2 3 4 5 6 7 8 9
 15: ---------------------
 14: | | | | | | | | | | |
 13: | | | | | | | | | | |
 12: | | | | | | | | | | |
 11: | | | | | | | | | | |
 10: | | | | | | | | | | |
  9: | | | | | | | | | | |
  8: | | | | | | | | | | |
  7: | | | | | | | | | | |
  6: | | | | | | | | | | |
  5: | | | | | | | | | | |
  4: | | | |N| | | | | | |
  3: | | |N| | | | | | | |
  2: | | | | | | | | | | |
  1: | | | | | | | | | | |
  0: | | | | | | | | | | |
 -1: ---------------------

 y\x  0 1 2 3 4 5 6 7 8 9
 15: ---------------------
 14: | | | | | | | | | | |
 13: | | | | | | | | | | |
 12: | | | | | | | | | | |
 11: | | | | | | | | | | |
 10: | | | | | | | | | | |
  9: | | | | | | | | | | |
  8: | | | | | | | | | | |
  7: | | | | | | | | | | |
  6: | | | | | | | | | | |
  5: | | | | | | | | | | |
  4: | | | |W| | | | | | |
  3: | | |N| | | | | | | |
  2: | | | | | | | | | | |
  1: | | | | | | | | | | |
  0: | | | | | | | | | | |
 -1: ---------------------

 y\x  0 1 2 3 4 5 6 7 8 9
 15: ---------------------
 14: | | | | | | | | | | |
 13: | | | | | | | | | | |
 12: | | | | | | | | | | |
 11: | | | | | | | | | | |
 10: | | | | | | | | | | |
  9: | | | | | | | | | | |
  8: | | | | | | | | | | |
  7: | | | | | | | | | | |
  6: | | | | | | | | | | |
  5: | | | | | | | | | | |
  4: | | |N|W| | | | | | |
  3: | | | | | | | | | | |
  2: | | | | | | | | | | |
  1: | | | | | | | | | | |
  0: | | | | | | | | | | |
 -1: ---------------------

 y\x  0 1 2 3 4 5 6 7 8 9
 15: ---------------------
 14: | | | | | | | | | | |
 13: | | | | | | | | | | |
 12: | | | | | | | | | | |
 11: | | | | | | | | | | |
 10: | | | | | | | | | | |
  9: | | | | | | | | | | |
  8: | | | | | | | | | | |
  7: | | | | | | | | | | |
  6: | | | | | | | | | | |
  5: | | | | | | | | | | |
  4: | | |N|W| | | | | | |
  3: | | | | | | | | | | |
  2: | | | | | | | | | | |
  1: | | | | | | | | | | |
  0: | | | | | | | | | | |
 -1: ---------------------

 y\x  0 1 2 3 4 5 6 7 8 9
 15: ---------------------
 14: | | | | | | | | | | |
 13: | | | | | | | | | | |
 12: | | | | | | | | | | |
 11: | | | | | | | | | | |
 10: | | | | | | | | | | |
  9: | | | | | | | | | | |
  8: | | | | | | | | | | |
  7: | | | | | | | | | | |
  6: | | | | | | | | | | |
  5: | | |N| | | | | | | |
  4: | | | |W| | | | | | |
  3: | | | | | | | | | | |
  2: | | | | | | | | | | |
  1: | | | | | | | | | | |
  0: | | | | | | | | | | |
 -1: ---------------------

 y\x  0 1 2 3 4 5 6 7 8 9
 15: ---------------------
 14: | | | | | | | | | | |
 13: | | | | | | | | | | |
 12: | | | | | | | | | | |
 11: | | | | | | | | | | |
 10: | | | | | | | | | | |
  9: | | | | | | | | | | |
  8: | | | | | | | | | | |
  7: | | | | | | | | | | |
  6: | | | | | | | | | | |
  5: | | |N| | | | | | | |
  4: | | | |S| | | | | | |
  3: | | | | | | | | | | |
  2: | | | | | | | | | | |
  1: | | | | | | | | | | |
  0: | | | | | | | | | | |
 -1: ---------------------

 y\x  0 1 2 3 4 5 6 7 8 9
 15: ---------------------
 14: | | | | | | | | | | |
 13: | | | | | | | | | | |
 12: | | | | | | | | | | |
 11: | | | | | | | | | | |
 10: | | | | | | | | | | |
  9: | | | | | | | | | | |
  8: | | | | | | | | | | |
  7: | | | | | | | | | | |
  6: | | |N| | | | | | | |
  5: | | | | | | | | | | |
  4: | | | |S| | | | | | |
  3: | | | | | | | | | | |
  2: | | | | | | | | | | |
  1: | | | | | | | | | | |
  0: | | | | | | | | | | |
 -1: ---------------------

 y\x  0 1 2 3 4 5 6 7 8 9
 15: ---------------------
 14: | | | | | | | | | | |
 13: | | | | | | | | | | |
 12: | | | | | | | | | | |
 11: | | | | | | | | | | |
 10: | | | | | | | | | | |
  9: | | | | | | | | | | |
  8: | | | | | | | | | | |
  7: | | | | | | | | | | |
  6: | | |N| | | | | | | |
  5: | | | | | | | | | | |
  4: | | | |E| | | | | | |
  3: | | | | | | | | | | |
  2: | | | | | | | | | | |
  1: | | | | | | | | | | |
  0: | | | | | | | | | | |
 -1: ---------------------

 y\x  0 1 2 3 4 5 6 7 8 9
 15: ---------------------
 14: | | | | | | | | | | |
 13: | | | | | | | | | | |
 12: | | | | | | | | | | |
 11: | | | | | | | | | | |
 10: | | | | | | | | | | |
  9: | | | | | | | | | | |
  8: | | | | | | | | | | |
  7: | | |N| | | | | | | |
  6: | | | | | | | | | | |
  5: | | | | | | | | | | |
  4: | | | |E| | | | | | |
  3: | | | | | | | | | | |
  2: | | | | | | | | | | |
  1: | | | | | | | | | | |
  0: | | | | | | | | | | |
 -1: ---------------------

 y\x  0 1 2 3 4 5 6 7 8 9
 15: ---------------------
 14: | | | | | | | | | | |
 13: | | | | | | | | | | |
 12: | | | | | | | | | | |
 11: | | | | | | | | | | |
 10: | | | | | | | | | | |
  9: | | | | | | | | | | |
  8: | | | | | | | | | | |
  7: | | |N| | | | | | | |
  6: | | | | | | | | | | |
  5: | | | | | | | | | | |
  4: | | | |N| | | | | | |
  3: | | | | | | | | | | |
  2: | | | | | | | | | | |
  1: | | | | | | | | | | |
  0: | | | | | | | | | | |
 -1: ---------------------

 y\x  0 1 2 3 4 5 6 7 8 9
 15: ---------------------
 14: | | | | | | | | | | |
 13: | | | | | | | | | | |
 12: | | | | | | | | | | |
 11: | | | | | | | | | | |
 10: | | | | | | | | | | |
  9: | | | | | | | | | | |
  8: | | |N| | | | | | | |
  7: | | | | | | | | | | |
  6: | | | | | | | | | | |
  5: | | | | | | | | | | |
  4: | | | |N| | | | | | |
  3: | | | | | | | | | | |
  2: | | | | | | | | | | |
  1: | | | | | | | | | | |
  0: | | | | | | | | | | |
 -1: ---------------------

 y\x  0 1 2 3 4 5 6 7 8 9
 15: ---------------------
 14: | | | | | | | | | | |
 13: | | | | | | | | | | |
 12: | | | | | | | | | | |
 11: | | | | | | | | | | |
 10: | | | | | | | | | | |
  9: | | | | | | | | | | |
  8: | | |N| | | | | | | |
  7: | | | | | | | | | | |
  6: | | | | | | | | | | |
  5: | | | | | | | | | | |
  4: | | | |W| | | | | | |
  3: | | | | | | | | | | |
  2: | | | | | | | | | | |
  1: | | | | | | | | | | |
  0: | | | | | | | | | | |
 -1: ---------------------

 y\x  0 1 2 3 4 5 6 7 8 9
 15: ---------------------
 14: | | | | | | | | | | |
 13: | | | | | | | | | | |
 12: | | | | | | | | | | |
 11: | | | | | | | | | | |
 10: | | | | | | | | | | |
  9: | | |N| | | | | | | |
  8: | | | | | | | | | | |
  7: | | | | | | | | | | |
  6: | | | | | | | | | | |
  5: | | | | | | | | | | |
  4: | | | |W| | | | | | |
  3: | | | | | | | | | | |
  2: | | | | | | | | | | |
  1: | | | | | | | | | | |
  0: | | | | | | | | | | |
 -1: ---------------------

 y\x  0 1 2 3 4 5 6 7 8 9
 15: ---------------------
 14: | | | | | | | | | | |
 13: | | | | | | | | | | |
 12: | | | | | | | | | | |
 11: | | | | | | | | | | |
 10: | | | | | | | | | | |
  9: | | |N| | | | | | | |
  8: | | | | | | | | | | |
  7: | | | | | | | | | | |
  6: | | | | | | | | | | |
  5: | | | | | | | | | | |
  4: | | |W| | | | | | | |
  3: | | | | | | | | | | |
  2: | | | | | | | | | | |
  1: | | | | | | | | | | |
  0: | | | | | | | | | | |
 -1: ---------------------

 y\x  0 1 2 3 4 5 6 7 8 9
 15: ---------------------
 14: | | | | | | | | | | |
 13: | | | | | | | | | | |
 12: | | | | | | | | | | |
 11: | | | | | | | | | | |
 10: | | |N| | | | | | | |
  9: | | | | | | | | | | |
  8: | | | | | | | | | | |
  7: | | | | | | | | | | |
  6: | | | | | | | | | | |
  5: | | | | | | | | | | |
  4: | | |W| | | | | | | |
  3: | | | | | | | | | | |
  2: | | | | | | | | | | |
  1: | | | | | | | | | | |
  0: | | | | | | | | | | |
 -1: ---------------------

 y\x  0 1 2 3 4 5 6 7 8 9
 15: ---------------------
 14: | | | | | | | | | | |
 13: | | | | | | | | | | |
 12: | | | | | | | | | | |
 11: | | | | | | | | | | |
 10: | | |N| | | | | | | |
  9: | | | | | | | | | | |
  8: | | | | | | | | | | |
  7: | | | | | | | | | | |
  6: | | | | | | | | | | |
  5: | | | | | | | | | | |
  4: | |W| | | | | | | | |
  3: | | | | | | | | | | |
  2: | | | | | | | | | | |
  1: | | | | | | | | | | |
  0: | | | | | | | | | | |
 -1: ---------------------

 y\x  0 1 2 3 4 5 6 7 8 9
 15: ---------------------
 14: | | | | | | | | | | |
 13: | | | | | | | | | | |
 12: | | | | | | | | | | |
 11: | | |N| | | | | | | |
 10: | | | | | | | | | | |
  9: | | | | | | | | | | |
  8: | | | | | | | | | | |
  7: | | | | | | | | | | |
  6: | | | | | | | | | | |
  5: | | | | | | | | | | |
  4: | |W| | | | | | | | |
  3: | | | | | | | | | | |
  2: | | | | | | | | | | |
  1: | | | | | | | | | | |
  0: | | | | | | | | | | |
 -1: ---------------------

]]></system-out>
  <system-err><![CDATA[]]></system-err>
</testsuite>
