<?xml version="1.0" encoding="UTF-8"?>
<testsuite name="agh.ics.oop.MapDirectionTest" tests="2" skipped="0" failures="0" errors="0" timestamp="2022-12-13T12:05:28" hostname="DESKTOP-9C6IDOG" time="0.005">
  <properties/>
  <testcase name="nextFunctionTest()" classname="agh.ics.oop.MapDirectionTest" time="0.002"/>
  <testcase name="previousFunctionTest()" classname="agh.ics.oop.MapDirectionTest" time="0.001"/>
  <system-out><![CDATA[All tests in MapDirectionTest are ended
]]></system-out>
  <system-err><![CDATA[]]></system-err>
</testsuite>
