<?xml version="1.0" encoding="UTF-8"?>
<testsuite name="agh.ics.oop.AnimalMovingTest" tests="4" skipped="0" failures="0" errors="0" timestamp="2022-12-12T20:22:27" hostname="DESKTOP-9C6IDOG" time="0.017">
  <properties/>
  <testcase name="test1()" classname="agh.ics.oop.AnimalMovingTest" time="0.013"/>
  <testcase name="test2()" classname="agh.ics.oop.AnimalMovingTest" time="0.001"/>
  <testcase name="test3()" classname="agh.ics.oop.AnimalMovingTest" time="0.001"/>
  <testcase name="test4()" classname="agh.ics.oop.AnimalMovingTest" time="0.0"/>
  <system-out><![CDATA[]]></system-out>
  <system-err><![CDATA[]]></system-err>
</testsuite>
