<?xml version="1.0" encoding="UTF-8"?>
<testsuite name="agh.ics.oop.OptionParserTest" tests="2" skipped="0" failures="0" errors="0" timestamp="2022-12-12T20:22:27" hostname="DESKTOP-9C6IDOG" time="0.003">
  <properties/>
  <testcase name="parseWithProblemTest()" classname="agh.ics.oop.OptionParserTest" time="0.001"/>
  <testcase name="parseWithOutProblemTest()" classname="agh.ics.oop.OptionParserTest" time="0.002"/>
  <system-out><![CDATA[]]></system-out>
  <system-err><![CDATA[]]></system-err>
</testsuite>
