<?xml version="1.0" encoding="UTF-8"?>
<testsuite name="agh.ics.oop.AnimalMoving" tests="1" skipped="0" failures="0" errors="0" timestamp="2022-11-13T13:05:34" hostname="DESKTOP-9C6IDOG" time="0.056">
  <properties/>
  <testcase name="test4()" classname="agh.ics.oop.AnimalMoving" time="0.056"/>
  <system-out><![CDATA[ y\x  0 1 2 3 4 5 6
  7: ---------------
  6: | | | |E| | | |
  5: | | | | | | | |
  4: | | | | | | | |
  3: |N| | | | | |N|
  2: | | | | | | | |
  1: | | | | | | | |
  0: | | | |N| | | |
 -1: ---------------

 y\x  0 1 2 3 4 5 6
  7: ---------------
  6: | | | |E| | | |
  5: | | | | | | | |
  4: | | | | | | | |
  3: |E| | | | | |N|
  2: | | | | | | | |
  1: | | | | | | | |
  0: | | | |N| | | |
 -1: ---------------

 y\x  0 1 2 3 4 5 6
  7: ---------------
  6: | | | |E| | | |
  5: | | | | | | | |
  4: | | | | | | | |
  3: |E| | | | | |N|
  2: | | | | | | | |
  1: | | | | | | | |
  0: | | | |E| | | |
 -1: ---------------

 y\x  0 1 2 3 4 5 6
  7: ---------------
  6: | | | |E| | | |
  5: | | | | | | | |
  4: | | | | | | | |
  3: |E| | | | | |W|
  2: | | | | | | | |
  1: | | | | | | | |
  0: | | | |E| | | |
 -1: ---------------

 y\x  0 1 2 3 4 5 6
  7: ---------------
  6: | | | |S| | | |
  5: | | | | | | | |
  4: | | | | | | | |
  3: |E| | | | | |W|
  2: | | | | | | | |
  1: | | | | | | | |
  0: | | | |E| | | |
 -1: ---------------

 y\x  0 1 2 3 4 5 6
  7: ---------------
  6: | | | |S| | | |
  5: | | | | | | | |
  4: | | | | | | | |
  3: | |E| | | | |W|
  2: | | | | | | | |
  1: | | | | | | | |
  0: | | | |E| | | |
 -1: ---------------

 y\x  0 1 2 3 4 5 6
  7: ---------------
  6: | | | |S| | | |
  5: | | | | | | | |
  4: | | | | | | | |
  3: | |E| | | | |W|
  2: | | | | | | | |
  1: | | | | | | | |
  0: | | | |N| | | |
 -1: ---------------

 y\x  0 1 2 3 4 5 6
  7: ---------------
  6: | | | |S| | | |
  5: | | | | | | | |
  4: | | | | | | | |
  3: | |E| | | |W| |
  2: | | | | | | | |
  1: | | | | | | | |
  0: | | | |N| | | |
 -1: ---------------

 y\x  0 1 2 3 4 5 6
  7: ---------------
  6: | | | | | | | |
  5: | | | |S| | | |
  4: | | | | | | | |
  3: | |E| | | |W| |
  2: | | | | | | | |
  1: | | | | | | | |
  0: | | | |N| | | |
 -1: ---------------

 y\x  0 1 2 3 4 5 6
  7: ---------------
  6: | | | | | | | |
  5: | | | |S| | | |
  4: | | | | | | | |
  3: | | |E| | |W| |
  2: | | | | | | | |
  1: | | | | | | | |
  0: | | | |N| | | |
 -1: ---------------

 y\x  0 1 2 3 4 5 6
  7: ---------------
  6: | | | | | | | |
  5: | | | |S| | | |
  4: | | | | | | | |
  3: | | |E| | |W| |
  2: | | | | | | | |
  1: | | | |N| | | |
  0: | | | | | | | |
 -1: ---------------

 y\x  0 1 2 3 4 5 6
  7: ---------------
  6: | | | | | | | |
  5: | | | |S| | | |
  4: | | | | | | | |
  3: | | |E| |W| | |
  2: | | | | | | | |
  1: | | | |N| | | |
  0: | | | | | | | |
 -1: ---------------

 y\x  0 1 2 3 4 5 6
  7: ---------------
  6: | | | | | | | |
  5: | | | | | | | |
  4: | | | |S| | | |
  3: | | |E| |W| | |
  2: | | | | | | | |
  1: | | | |N| | | |
  0: | | | | | | | |
 -1: ---------------

 y\x  0 1 2 3 4 5 6
  7: ---------------
  6: | | | | | | | |
  5: | | | | | | | |
  4: | | | |S| | | |
  3: | | | |E|W| | |
  2: | | | | | | | |
  1: | | | |N| | | |
  0: | | | | | | | |
 -1: ---------------

 y\x  0 1 2 3 4 5 6
  7: ---------------
  6: | | | | | | | |
  5: | | | | | | | |
  4: | | | |S| | | |
  3: | | | |E|W| | |
  2: | | | |N| | | |
  1: | | | | | | | |
  0: | | | | | | | |
 -1: ---------------

 y\x  0 1 2 3 4 5 6
  7: ---------------
  6: | | | | | | | |
  5: | | | | | | | |
  4: | | | |S| | | |
  3: | | | |E|W| | |
  2: | | | |N| | | |
  1: | | | | | | | |
  0: | | | | | | | |
 -1: ---------------

]]></system-out>
  <system-err><![CDATA[]]></system-err>
</testsuite>
